\BOOKMARK [1][-]{section.1}{\376\377\000I\000n\000t\000r\000o\000d\000u\000c\000t\000i\000o\000n\000:\000\040\000U\000n\000k\000n\000o\000w\000n\000\040\000U\000n\000k\000n\000o\000w\000n\000s\000\040\000D\000e\000t\000e\000c\000t\000i\000o\000n}{}% 1
\BOOKMARK [2][-]{subsection.1.1}{\376\377\000C\000o\000n\000t\000e\000x\000t\000\040\000\046\000\040\000V\000i\000s\000i\000o\000n}{section.1}% 2
\BOOKMARK [2][-]{subsection.1.2}{\376\377\000H\000y\000p\000o\000t\000h\000e\000s\000e\000s}{section.1}% 3
\BOOKMARK [2][-]{subsection.1.3}{\376\377\000O\000b\000j\000e\000c\000t\000i\000v\000e\000s}{section.1}% 4
\BOOKMARK [2][-]{subsection.1.4}{\376\377\000E\000a\000r\000l\000y\000\040\000A\000c\000h\000i\000e\000v\000e\000m\000e\000n\000t\000s}{section.1}% 5
\BOOKMARK [1][-]{section.2}{\376\377\000S\000o\000l\000u\000t\000i\000o\000n}{}% 6
\BOOKMARK [2][-]{subsubsection.2.0.1}{\376\377\000T\000e\000x\000t\000E\000n\000c\000o\000d\000e\000r}{section.2}% 7
\BOOKMARK [3][-]{subsubsection.2.0.2}{\376\377\000T\000r\000a\000n\000s\000a\000c\000t\000i\000o\000n\000A\000n\000o\000m\000a\000l\000y\000D\000e\000t\000e\000c\000t\000o\000r}{subsubsection.2.0.1}% 8
\BOOKMARK [3][-]{subsubsection.2.0.3}{\376\377\000A\000n\000o\000m\000a\000l\000y\000\040\000I\000n\000t\000e\000r\000p\000r\000e\000t\000a\000t\000i\000o\000n\000\040\000\046\000\040\000S\000i\000g\000n\000a\000l\000\040\000I\000d\000e\000n\000t\000i\000f\000i\000c\000a\000t\000i\000o\000n}{subsubsection.2.0.1}% 9
\BOOKMARK [3][-]{subsubsection.2.0.4}{\376\377\000I\000n\000t\000e\000g\000r\000a\000t\000i\000o\000n\000:\000\040\000A\000n\000o\000m\000a\000l\000y\000\040\000D\000e\000t\000e\000c\000t\000i\000o\000n\000\040\000P\000i\000p\000e\000l\000i\000n\000e}{subsubsection.2.0.1}% 10
\BOOKMARK [1][-]{section.3}{\376\377\000A\000P\000I\000\040\000R\000e\000f\000e\000r\000e\000n\000c\000e}{}% 11
\BOOKMARK [2][-]{subsection.3.1}{\376\377\000c\000l\000u\000s\000t\000e\000r\000i\000n\000g}{section.3}% 12
\BOOKMARK [3][-]{paragraph.3.1.0.1}{\376\377\000C\000l\000a\000s\000s\000\040\000C\000l\000u\000s\000t\000e\000r\000I\000d\000e\000n\000t\000i\000f\000i\000e\000r}{subsection.3.1}% 13
\BOOKMARK [2][-]{subsection.3.2}{\376\377\000m\000o\000d\000e\000l\000s}{section.3}% 14
\BOOKMARK [3][-]{subsubsection.3.2.1}{\376\377\000t\000o\000o\000l\000s}{subsection.3.2}% 15
\BOOKMARK [4][-]{paragraph.3.2.1.1}{\376\377\000C\000l\000a\000s\000s\000\040\000T\000o\000k\000e\000n\000i\000z\000e\000r}{subsubsection.3.2.1}% 16
\BOOKMARK [4][-]{paragraph.3.2.1.2}{\376\377\000A\000b\000s\000t\000r\000a\000c\000t\000\040\000C\000l\000a\000s\000s\000\040\000E\000a\000r\000l\000y\000S\000t\000o\000p\000p\000e\000r\000B\000a\000s\000e}{subsubsection.3.2.1}% 17
\BOOKMARK [4][-]{paragraph.3.2.1.3}{\376\377\000C\000l\000a\000s\000s\000\040\000S\000t\000a\000n\000d\000a\000r\000d\000S\000t\000o\000p\000p\000e\000r\000\050\000E\000a\000r\000l\000y\000S\000t\000o\000p\000p\000e\000r\000B\000a\000s\000e\000\051}{subsubsection.3.2.1}% 18
\BOOKMARK [4][-]{paragraph.3.2.1.4}{\376\377\000C\000l\000a\000s\000s\000\040\000M\000o\000n\000o\000t\000o\000n\000e\000S\000t\000o\000p\000p\000e\000r\000\050\000E\000a\000r\000l\000y\000S\000t\000o\000p\000p\000e\000r\000B\000a\000s\000e\000\051}{subsubsection.3.2.1}% 19
\BOOKMARK [4][-]{paragraph.3.2.1.5}{\376\377\000A\000b\000s\000t\000r\000a\000c\000t\000\040\000C\000l\000a\000s\000s\000\040\000T\000r\000a\000i\000n\000e\000r\000B\000a\000s\000e}{subsubsection.3.2.1}% 20
\BOOKMARK [3][-]{subsubsection.3.2.2}{\376\377\000l\000a\000y\000e\000r\000s}{subsection.3.2}% 21
\BOOKMARK [4][-]{paragraph.3.2.2.1}{\376\377\000C\000l\000a\000s\000s\000\040\000B\000a\000t\000c\000h\000S\000w\000a\000p\000N\000o\000i\000s\000e}{subsubsection.3.2.2}% 22
\BOOKMARK [4][-]{paragraph.3.2.2.2}{\376\377\000C\000l\000a\000s\000s\000\040\000C\000o\000n\000t\000i\000n\000u\000o\000u\000s\000F\000e\000a\000t\000u\000r\000e\000N\000o\000r\000m\000a\000l\000i\000z\000e\000r}{subsubsection.3.2.2}% 23
\BOOKMARK [4][-]{paragraph.3.2.2.3}{\376\377\000C\000l\000a\000s\000s\000\040\000L\000i\000n\000B\000n\000D\000r\000o\000p}{subsubsection.3.2.2}% 24
\BOOKMARK [4][-]{paragraph.3.2.2.4}{\376\377\000C\000l\000a\000s\000s\000\040\000M\000a\000s\000k\000e\000d\000C\000C\000E\000L\000o\000s\000s}{subsubsection.3.2.2}% 25
\BOOKMARK [4][-]{paragraph.3.2.2.5}{\376\377\000C\000l\000a\000s\000s\000\040\000R\000e\000c\000o\000n\000s\000t\000r\000u\000c\000t\000i\000o\000n\000L\000o\000s\000s}{subsubsection.3.2.2}% 26
\BOOKMARK [4][-]{paragraph.3.2.2.6}{\376\377\000C\000l\000a\000s\000s\000\040\000S\000h\000i\000f\000t\000e\000d\000S\000i\000g\000m\000o\000i\000d}{subsubsection.3.2.2}% 27
\BOOKMARK [4][-]{paragraph.3.2.2.7}{\376\377\000C\000l\000a\000s\000s\000\040\000T\000r\000a\000n\000s\000f\000o\000r\000m\000e\000r\000E\000n\000c\000o\000d\000e\000r}{subsubsection.3.2.2}% 28
\BOOKMARK [3][-]{subsubsection.3.2.3}{\376\377\000T\000e\000x\000t\000\040\000E\000n\000c\000o\000d\000e\000r}{subsection.3.2}% 29
\BOOKMARK [4][-]{paragraph.3.2.3.1}{\376\377\000C\000l\000a\000s\000s\000\040\000T\000e\000x\000t\000E\000n\000c\000o\000d\000e\000r}{subsubsection.3.2.3}% 30
\BOOKMARK [3][-]{subsubsection.3.2.4}{\376\377\000A\000u\000t\000o\000e\000n\000c\000o\000d\000e\000r}{subsection.3.2}% 31
\BOOKMARK [4][-]{paragraph.3.2.4.1}{\376\377\000C\000l\000a\000s\000s\000\040\000T\000r\000a\000n\000s\000a\000c\000t\000i\000o\000n\000A\000n\000o\000m\000a\000l\000y\000D\000e\000t\000e\000c\000t\000o\000r}{subsubsection.3.2.4}% 32
\BOOKMARK [1][-]{section.4}{\376\377\000P\000r\000o\000c\000e\000s\000s\000\040\000S\000p\000e\000c\000i\000f\000i\000c\000a\000t\000i\000o\000n\000s}{}% 33
\BOOKMARK [2][-]{subsection.4.1}{\376\377\000H\000y\000p\000e\000r\000p\000a\000r\000a\000m\000e\000t\000e\000r\000s\000:\000\040\000M\000e\000a\000n\000i\000n\000g\000\040\000\046\000\040\000S\000e\000l\000e\000c\000t\000i\000o\000n\000\040\000G\000u\000i\000d\000e\000l\000i\000n\000e\000s}{section.4}% 34
\BOOKMARK [3][-]{subsubsection.4.1.1}{\376\377\000T\000e\000x\000t\000E\000n\000c\000o\000d\000e\000r}{subsection.4.1}% 35
\BOOKMARK [4][-]{paragraph.4.1.1.1}{\376\377\000l\000s\000\137\000s\000t\000a\000n\000d\000a\000r\000d\000\137\000t\000o\000k\000e\000n\000s}{subsubsection.4.1.1}% 36
\BOOKMARK [4][-]{paragraph.4.1.1.2}{\376\377\000m\000a\000x\000\137\000n\000\137\000s\000t\000a\000n\000d\000a\000r\000d\000\137\000t\000o\000k\000e\000n\000s}{subsubsection.4.1.1}% 37
\BOOKMARK [4][-]{paragraph.4.1.1.3}{\376\377\000d\000\137\000m\000o\000d\000e\000l\000,\000\040\000n\000\137\000p\000a\000r\000a\000l\000l\000e\000l\000\137\000h\000e\000a\000d\000s\000\137\000p\000e\000r\000\137\000l\000a\000y\000e\000r\000\040\000a\000n\000d\000\040\000d\000i\000m\000\137\000f\000e\000e\000d\000f\000o\000r\000w\000a\000r\000d}{subsubsection.4.1.1}% 38
\BOOKMARK [4][-]{paragraph.4.1.1.4}{\376\377\000n\000\137\000e\000n\000c\000o\000d\000e\000r\000\137\000l\000a\000y\000e\000r\000s}{subsubsection.4.1.1}% 39
\BOOKMARK [4][-]{paragraph.4.1.1.5}{\376\377\000a\000c\000t\000i\000v\000a\000t\000i\000o\000n}{subsubsection.4.1.1}% 40
\BOOKMARK [4][-]{paragraph.4.1.1.6}{\376\377\000l\000a\000y\000e\000r\000\137\000n\000o\000r\000m\000\137\000e\000p\000s}{subsubsection.4.1.1}% 41
\BOOKMARK [4][-]{paragraph.4.1.1.7}{\376\377\000d\000r\000o\000p\000o\000u\000t\000\137\000r\000a\000t\000e}{subsubsection.4.1.1}% 42
\BOOKMARK [3][-]{subsubsection.4.1.2}{\376\377\000T\000r\000a\000n\000s\000a\000c\000t\000i\000o\000n\000A\000n\000o\000m\000a\000l\000y\000D\000e\000t\000e\000c\000t\000o\000r}{subsection.4.1}% 43
\BOOKMARK [4][-]{paragraph.4.1.2.1}{\376\377\000I\000n\000p\000u\000t\000\040\000F\000e\000a\000t\000u\000r\000e\000\040\000S\000p\000e\000c\000i\000f\000i\000e\000r\000s}{subsubsection.4.1.2}% 44
\BOOKMARK [4][-]{paragraph.4.1.2.2}{\376\377\000l\000s\000\137\000e\000n\000c\000o\000d\000e\000r\000\137\000l\000a\000y\000e\000r\000\137\000s\000z\000s}{subsubsection.4.1.2}% 45
\BOOKMARK [4][-]{paragraph.4.1.2.3}{\376\377\000a\000e\000\137\000a\000c\000t\000i\000v\000a\000t\000i\000o\000n}{subsubsection.4.1.2}% 46
\BOOKMARK [4][-]{paragraph.4.1.2.4}{\376\377\000d\000r\000o\000p\000o\000u\000t\000\137\000r\000a\000t\000e}{subsubsection.4.1.2}% 47
\BOOKMARK [4][-]{paragraph.4.1.2.5}{\376\377\000b\000a\000t\000c\000h\000s\000w\000a\000p\000\137\000n\000o\000i\000s\000e\000\137\000r\000a\000t\000e}{subsubsection.4.1.2}% 48
\BOOKMARK [2][-]{subsection.4.2}{\376\377\000G\000e\000o\000s\000p\000a\000t\000i\000a\000l\000\040\000S\000e\000g\000m\000e\000n\000t\000a\000t\000i\000o\000n}{section.4}% 49
\BOOKMARK [2][-]{subsection.4.3}{\376\377\000S\000o\000F\000i\000\040\000D\000a\000i\000l\000y\000\040\000J\000o\000b}{section.4}% 50
\BOOKMARK [3][-]{subsubsection.4.3.1}{\376\377\000H\000i\000g\000h\000-\000L\000e\000v\000e\000l\000\040\000V\000i\000e\000w\000:\000\040\000R\000u\000n\000n\000e\000r}{subsection.4.3}% 51
\BOOKMARK [3][-]{subsubsection.4.3.2}{\376\377\000T\000a\000s\000k\000s}{subsection.4.3}% 52
\BOOKMARK [3][-]{subsubsection.4.3.3}{\376\377\000J\000o\000b\000s}{subsection.4.3}% 53
\BOOKMARK [3][-]{subsubsection.4.3.4}{\376\377\000C\000o\000n\000f\000i\000g\000u\000r\000a\000t\000i\000o\000n}{subsection.4.3}% 54
\BOOKMARK [1][-]{section.5}{\376\377\000D\000i\000r\000e\000c\000t\000i\000o\000n\000s\000\040\000f\000o\000r\000\040\000F\000u\000t\000u\000r\000e\000\040\000R\000e\000s\000e\000a\000r\000c\000h}{}% 55
